<?xml version="1.0" encoding="UTF-8"?><testsuite errors="1" failures="0" name="Automation testing using Screenplay pattern." skipped="0" tests="2" time="40.86" timestamp="2022-03-28 01:01:20"><testcase name="Fill a contact us login form using credentials"><error message="no such element: Unable to locate element: {&quot;method&quot;:&quot;css selector&quot;,&quot;selector&quot;:&quot;#customer_firstname&quot;}&#10;  (Session info: chrome=99.0.4844.82)&#10;For documentation on this error, please visit: https://www.seleniumhq.org/exceptions/no_such_element.html&#10;Build info: version: '3.141.59', revision: 'e82be7d358', time: '2018-11-14T08:17:03'&#10;System info: host: 'LAPTOP', ip: '192.168.1.7', os.name: 'Windows 10', os.arch: 'amd64', os.version: '10.0', java.version: '11.0.14.1'&#10;Driver info: org.openqa.selenium.chrome.ChromeDriver&#10;Capabilities {acceptInsecureCerts: false, browserName: chrome, browserVersion: 99.0.4844.82, chrome: {chromedriverVersion: 99.0.4844.51 (d537ec02474b5..., userDataDir: C:\Users\Laptop\AppData\Loc...}, goog:chromeOptions: {debuggerAddress: localhost:55695}, javascriptEnabled: true, networkConnectionEnabled: false, pageLoadStrategy: normal, platform: WINDOWS, platformName: WINDOWS, proxy: Proxy(), setWindowRect: true, strictFileInteractability: false, timeouts: {implicit: 0, pageLoad: 300000, script: 30000}, unhandledPromptBehavior: dismiss and notify, webauthn:extension:credBlob: true, webauthn:extension:largeBlob: true, webauthn:virtualAuthenticators: true}&#10;Session ID: 0c62234892adaef34c85298fe7a627dd&#10;*** Element info: {Using=id, value=customer_firstname}" type="org.openqa.selenium.NoSuchElementException">no such element: Unable to locate element: {"method":"css selector","selector":"#customer_firstname"}
  (Session info: chrome=99.0.4844.82)
For documentation on this error, please visit: https://www.seleniumhq.org/exceptions/no_such_element.html
Build info: version: '3.141.59', revision: 'e82be7d358', time: '2018-11-14T08:17:03'
System info: host: 'LAPTOP', ip: '192.168.1.7', os.name: 'Windows 10', os.arch: 'amd64', os.version: '10.0', java.version: '11.0.14.1'
Driver info: org.openqa.selenium.chrome.ChromeDriver
Capabilities {acceptInsecureCerts: false, browserName: chrome, browserVersion: 99.0.4844.82, chrome: {chromedriverVersion: 99.0.4844.51 (d537ec02474b5..., userDataDir: C:\Users\Laptop\AppData\Loc...}, goog:chromeOptions: {debuggerAddress: localhost:55695}, javascriptEnabled: true, networkConnectionEnabled: false, pageLoadStrategy: normal, platform: WINDOWS, platformName: WINDOWS, proxy: Proxy(), setWindowRect: true, strictFileInteractability: false, timeouts: {implicit: 0, pageLoad: 300000, script: 30000}, unhandledPromptBehavior: dismiss and notify, webauthn:extension:credBlob: true, webauthn:extension:largeBlob: true, webauthn:virtualAuthenticators: true}
Session ID: 0c62234892adaef34c85298fe7a627dd
*** Element info: {Using=id, value=customer_firstname}</error><system-err>no such element: Unable to locate element: {"method":"css selector","selector":"#customer_firstname"}
  (Session info: chrome=99.0.4844.82)
For documentation on this error, please visit: https://www.seleniumhq.org/exceptions/no_such_element.html
Build info: version: '3.141.59', revision: 'e82be7d358', time: '2018-11-14T08:17:03'
System info: host: 'LAPTOP', ip: '192.168.1.7', os.name: 'Windows 10', os.arch: 'amd64', os.version: '10.0', java.version: '11.0.14.1'
Driver info: org.openqa.selenium.chrome.ChromeDriver
Capabilities {acceptInsecureCerts: false, browserName: chrome, browserVersion: 99.0.4844.82, chrome: {chromedriverVersion: 99.0.4844.51 (d537ec02474b5..., userDataDir: C:\Users\Laptop\AppData\Loc...}, goog:chromeOptions: {debuggerAddress: localhost:55695}, javascriptEnabled: true, networkConnectionEnabled: false, pageLoadStrategy: normal, platform: WINDOWS, platformName: WINDOWS, proxy: Proxy(), setWindowRect: true, strictFileInteractability: false, timeouts: {implicit: 0, pageLoad: 300000, script: 30000}, unhandledPromptBehavior: dismiss and notify, webauthn:extension:credBlob: true, webauthn:extension:largeBlob: true, webauthn:virtualAuthenticators: true}
Session ID: 0c62234892adaef34c85298fe7a627dd
*** Element info: {Using=id, value=customer_firstname}&#13;
co.com.sofka.task.login.FillPreLogin.performAs(FillPreLogin.java:103)&#13;
co.com.sofka.stepdefinition.login.LoginStepDefinition.himBrowseToLogin(LoginStepDefinition.java:46)&#13;
io.cucumber.java.Invoker.invoke(Invoker.java:27)&#13;
io.cucumber.java.JavaStepDefinition.execute(JavaStepDefinition.java:27)&#13;
io.cucumber.core.runner.PickleStepDefinitionMatch.runStep(PickleStepDefinitionMatch.java:63)&#13;
io.cucumber.core.runner.TestStep.executeStep(TestStep.java:64)&#13;
io.cucumber.core.runner.TestStep.run(TestStep.java:49)&#13;
io.cucumber.core.runner.PickleStepTestStep.run(PickleStepTestStep.java:46)&#13;
io.cucumber.core.runner.TestCase.run(TestCase.java:51)&#13;
io.cucumber.core.runner.Runner.runPickle(Runner.java:67)&#13;
io.cucumber.junit.FeatureRunner.runChild(FeatureRunner.java:83)&#13;
io.cucumber.junit.FeatureRunner.runChild(FeatureRunner.java:24)&#13;
io.cucumber.junit.CucumberSerenityRunner.runChild(CucumberSerenityRunner.java:227)&#13;
io.cucumber.junit.CucumberSerenityRunner.runChild(CucumberSerenityRunner.java:54)&#13;
</system-err></testcase><testcase name="Fill a contact us login form without password"/></testsuite>