<?xml version="1.0" encoding="UTF-8"?><testsuite errors="1" failures="0" name="Automation testing using Screenplay pattern." skipped="0" tests="2" time="33.17" timestamp="2022-03-28 12:00:56"><testcase name="Fill a contact us login form using credentials"><error type="java.lang.NullPointerException"/><system-err>null&#13;
co.com.sofka.task.login.FillLog.performAs(FillLog.java:31)&#13;
co.com.sofka.stepdefinition.login.LoginStepDefinition.himHasFilledItAndSubmitted(LoginStepDefinition.java:65)&#13;
io.cucumber.java.Invoker.invoke(Invoker.java:27)&#13;
io.cucumber.java.JavaStepDefinition.execute(JavaStepDefinition.java:27)&#13;
io.cucumber.core.runner.PickleStepDefinitionMatch.runStep(PickleStepDefinitionMatch.java:63)&#13;
io.cucumber.core.runner.TestStep.executeStep(TestStep.java:64)&#13;
io.cucumber.core.runner.TestStep.run(TestStep.java:49)&#13;
io.cucumber.core.runner.PickleStepTestStep.run(PickleStepTestStep.java:46)&#13;
io.cucumber.core.runner.TestCase.run(TestCase.java:51)&#13;
io.cucumber.core.runner.Runner.runPickle(Runner.java:67)&#13;
io.cucumber.junit.FeatureRunner.runChild(FeatureRunner.java:83)&#13;
io.cucumber.junit.FeatureRunner.runChild(FeatureRunner.java:24)&#13;
io.cucumber.junit.CucumberSerenityRunner.runChild(CucumberSerenityRunner.java:227)&#13;
io.cucumber.junit.CucumberSerenityRunner.runChild(CucumberSerenityRunner.java:54)&#13;
</system-err></testcase><testcase name="Fill a contact us login form without password"/></testsuite>